Arguments: 
  /home/linuxbrew/.linuxbrew/Cellar/node/14.13.1/bin/node /home/linuxbrew/.linuxbrew/Cellar/yarn/1.22.10/libexec/bin/yarn.js link

PATH: 
  /mnt/utils:/home/admin/.deno/bin:/home/linuxbrew/.linuxbrew/bin:/usr/local/bin:/usr/bin:/bin:/usr/local/games:/usr/games:~/go/bin

Yarn version: 
  1.22.10

Node version: 
  14.13.1

Platform: 
  linux x64

Trace: 
  SyntaxError: /mnt/Docker/package.json: Unexpected string in JSON at position 27
      at JSON.parse (<anonymous>)
      at /home/linuxbrew/.linuxbrew/Cellar/yarn/1.22.10/libexec/lib/cli.js:1625:59
      at Generator.next (<anonymous>)
      at step (/home/linuxbrew/.linuxbrew/Cellar/yarn/1.22.10/libexec/lib/cli.js:310:30)
      at /home/linuxbrew/.linuxbrew/Cellar/yarn/1.22.10/libexec/lib/cli.js:321:13

npm manifest: 
  {
      "name": "Docker"
      "type": "module"
  }

yarn manifest: 
  No manifest

Lockfile: 
  No lockfile
